#
# A fatal error has been detected by the Java Runtime Environment:
#
#  SIGSEGV (0xb) at pc=0x0000000109286498, pid=70330, tid=0x0000000000000307
#
# JRE version: Java(TM) SE Runtime Environment (8.0_101-b13) (build 1.8.0_101-b13)
# Java VM: Java HotSpot(TM) 64-Bit Server VM (25.101-b13 mixed mode bsd-amd64 compressed oops)
# Problematic frame:
# V  [libjvm.dylib+0x486498]  SR_handler(int, __siginfo*, __darwin_ucontext*)+0x2e
#
# Failed to write core dump. Core dumps have been disabled. To enable core dumping, try "ulimit -c unlimited" before starting Java again
#
# If you would like to submit a bug report, please visit:
#   http://bugreport.java.com/bugreport/crash.jsp
#

---------------  T H R E A D  ---------------

Current thread is native thread

siginfo: si_signo: 11 (SIGSEGV), si_code: 1 (SEGV_MAPERR), si_addr: 0x0000000000000128

Registers:
RAX=0x0000000000000000, RBX=0x00007fff57810460, RCX=0x00007fffcf18e408, RDX=0x00007fff57810460
RSP=0x00007fff5780ff90, RBP=0x00007fff5780ffc0, RSI=0x00007fff578103f8, RDI=0x0000000000000103
R8 =0x00007fff57810460, R9 =0x00000000ffffffff, R10=0x0000000000000c00, R11=0x0000000000000206
R12=0x0000000000000c00, R13=0x0000000000000000, R14=0x00007fff578103f8, R15=0x0000000000000002
RIP=0x0000000109286498, EFLAGS=0x0000000000010202, ERR=0x0000000000000004
  TRAPNO=0x000000000000000e

Top of Stack: (sp=0x00007fff5780ff90)
0x00007fff5780ff90:   0000000000000000 00007fff57810460
0x00007fff5780ffa0:   0000000000000c00 0000000000000000
0x00007fff5780ffb0:   00007fff57810690 0000000000000d03
0x00007fff5780ffc0:   00007fff5780ffd0 00007fffc648bb3a
0x00007fff5780ffd0:   00007fff57810560 0000000000019e00
0x00007fff5780ffe0:   00019f00cbb1f978 00007fffcf0242d0
0x00007fff5780fff0:   0100001f00000085 00007fffcf160b18
0x00007fff57810000:   0000000010004005 00000000ffffffff
0x00007fff57810010:   00007fff57810518 0000000000000000
0x00007fff57810020:   00007fff57810690 0000000007000806
0x00007fff57810030:   00007fff57810560 00007fff57810518
0x00007fff57810040:   0000000000000d03 00000000ffffffff
0x00007fff57810050:   0000000000000c00 0000000000000206
0x00007fff57810060:   0000000000000c00 0000000000000000
0x00007fff57810070:   00007fff57810690 0000000000000d03
0x00007fff57810080:   00007fffc63a334a 0000000000000206
0x00007fff57810090:   0000000000000007 0000000000000000
0x00007fff578100a0:   0000000000000000 0000000000000000
0x00007fff578100b0:   000000000000037f 0000000000000000
0x00007fff578100c0:   0000000000000000 0000ffff00001fa0
0x00007fff578100d0:   0000000000000000 000000000000ffff
0x00007fff578100e0:   0000000000000100 000000000000ffff
0x00007fff578100f0:   0000000000000000 0000000000000000
0x00007fff57810100:   0000000000000000 0000000000000000
0x00007fff57810110:   0000000000000000 0000000000000000
0x00007fff57810120:   0000000000000000 000000000000ffff
0x00007fff57810130:   0000000000f48f8b 000000000000ffff
0x00007fff57810140:   0000000086d229dc 000000000000ffff
0x00007fff57810150:   41bf13eb67640193 0000000000000000
0x00007fff57810160:   3fd90064a9cdc443 0000000000000000
0x00007fff57810170:   c3de3f661d8a6bbe 439c099e2759441f
0x00007fff57810180:   0000000000000000 0000000000000000 

Instructions: (pc=0x0000000109286498)
0x0000000109286478:   83 ec 08 48 89 d3 49 89 f6 e8 00 26 14 00 44 8b
0x0000000109286488:   38 48 8d 05 20 cd 3a 00 48 63 38 e8 ca 28 14 00
0x0000000109286498:   4c 8b a0 28 01 00 00 41 83 7c 24 34 01 0f 85 e2
0x00000001092864a8:   00 00 00 49 89 5c 24 40 4d 89 74 24 38 49 8d 5c 

Register to memory mapping:

RAX=0x0000000000000000 is an unknown value
RBX=0x00007fff57810460 is an unknown value
RCX=0x00007fffcf18e408: _thread+0x48 in /usr/lib/system/libsystem_pthread.dylib at 0x00007fffc6492000
RDX=0x00007fff57810460 is an unknown value
RSP=0x00007fff5780ff90 is an unknown value
RBP=0x00007fff5780ffc0 is an unknown value
RSI=0x00007fff578103f8 is an unknown value
RDI=0x0000000000000103 is an unknown value
R8 =0x00007fff57810460 is an unknown value
R9 =0x00000000ffffffff is an unknown value
R10=0x0000000000000c00 is an unknown value
R11=0x0000000000000206 is an unknown value
R12=0x0000000000000c00 is an unknown value
R13=0x0000000000000000 is an unknown value
R14=0x00007fff578103f8 is an unknown value
R15=0x0000000000000002 is an unknown value


Stack: [0x00007fff57014000,0x00007fff57814000],  sp=0x00007fff5780ff90,  free space=8175k
Native frames: (J=compiled Java code, j=interpreted, Vv=VM code, C=native code)
V  [libjvm.dylib+0x486498]  SR_handler(int, __siginfo*, __darwin_ucontext*)+0x2e
C  [libsystem_platform.dylib+0x2b3a]  _sigtramp+0x1a
C  0x0000000000019e00
C  [CoreFoundation+0x884e4]  __CFRunLoopServiceMachPort+0xd4
C  [CoreFoundation+0x87971]  __CFRunLoopRun+0x551
C  [CoreFoundation+0x871c4]  CFRunLoopRunSpecific+0x1a4
C  [java+0x6465]  CreateExecutionEnvironment+0x367
C  [java+0x218c]  JLI_Launch+0x7a0
C  [java+0x84c2]  main+0x65
C  [java+0x19e4]  start+0x34


---------------  P R O C E S S  ---------------

VM state:not at safepoint (normal execution)

VM Mutex/Monitor currently owned by a thread: None

Heap:
 PSYoungGen      total 38400K, used 5325K [0x0000000795580000, 0x0000000798000000, 0x00000007c0000000)
  eden space 33280K, 16% used [0x0000000795580000,0x0000000795ab3778,0x0000000797600000)
  from space 5120K, 0% used [0x0000000797b00000,0x0000000797b00000,0x0000000798000000)
  to   space 5120K, 0% used [0x0000000797600000,0x0000000797600000,0x0000000797b00000)
 ParOldGen       total 87552K, used 0K [0x0000000740000000, 0x0000000745580000, 0x0000000795580000)
  object space 87552K, 0% used [0x0000000740000000,0x0000000740000000,0x0000000745580000)
 Metaspace       used 4964K, capacity 5086K, committed 5248K, reserved 1056768K
  class space    used 549K, capacity 605K, committed 640K, reserved 1048576K

Card table byte_map: [0x000000010a15d000,0x000000010a55e000] byte_map_base: 0x000000010675d000

Marking Bits: (ParMarkBitMap*) 0x00000001096edd20
 Begin Bits: [0x000000010a809000, 0x000000010c809000)
 End Bits:   [0x000000010c809000, 0x000000010e809000)

Polling page: 0x00000001084de000

CodeCache: size=245760Kb used=1773Kb max_used=1779Kb free=243986Kb
 bounds [0x0000000115e2c000, 0x000000011609c000, 0x0000000124e2c000]
 total_blobs=624 nmethods=349 adapters=189
 compilation: enabled

Compilation events (10 events):
Event: 0.267 Thread 0x00007f9e5a82d800  343       3       gnu.trove.THash::postInsertHook (81 bytes)
Event: 0.268 Thread 0x00007f9e5a82c800  345       4       java.lang.String::<init> (82 bytes)
Event: 0.268 Thread 0x00007f9e5a82d800 nmethod 343 0x0000000115fe4850 code [0x0000000115fe4a80, 0x0000000115fe53d8]
Event: 0.272 Thread 0x00007f9e5a82c800 nmethod 345 0x0000000115fe8690 code [0x0000000115fe8800, 0x0000000115fe8b38]
Event: 0.272 Thread 0x00007f9e5a852000  346   !   4       java.io.ObjectInputStream$BlockDataInputStream::readUTFSpan (502 bytes)
Event: 0.274 Thread 0x00007f9e5a82c800  347       4       java.io.FileInputStream::read (8 bytes)
Event: 0.274 Thread 0x00007f9e5a82c800 nmethod 347 0x0000000115fe5750 code [0x0000000115fe58a0, 0x0000000115fe5928]
Event: 0.274 Thread 0x00007f9e5a82c800  348       4       java.io.ObjectInputStream$PeekInputStream::read (69 bytes)
Event: 0.275 Thread 0x00007f9e5a82c800 nmethod 348 0x0000000115fe6d90 code [0x0000000115fe6f00, 0x0000000115fe7028]
Event: 0.277 Thread 0x00007f9e5a82c800  349       4       java.io.ObjectInputStream$PeekInputStream::readFully (48 bytes)

GC Heap History (0 events):
No events

Deoptimization events (0 events):
No events

Internal exceptions (10 events):
Event: 0.096 Thread 0x00007f9e59002800 Exception <a 'java/security/PrivilegedActionException'> (0x00000007956d38b8) thrown at [/HUDSON3/workspace/8-2-build-macosx-x86_64/jdk8u101/7261/hotspot/src/share/vm/prims/jvm.cpp, line 1386]
Event: 0.098 Thread 0x00007f9e59002800 Exception <a 'java/util/zip/ZipException'> (0x00000007956e5448) thrown at [/HUDSON3/workspace/8-2-build-macosx-x86_64/jdk8u101/7261/hotspot/src/share/vm/prims/jni.cpp, line 709]
Event: 0.098 Thread 0x00007f9e59002800 Exception <a 'java/security/PrivilegedActionException'> (0x00000007956e5650) thrown at [/HUDSON3/workspace/8-2-build-macosx-x86_64/jdk8u101/7261/hotspot/src/share/vm/prims/jvm.cpp, line 1386]
Event: 0.098 Thread 0x00007f9e59002800 Exception <a 'java/security/PrivilegedActionException'> (0x00000007956e5860) thrown at [/HUDSON3/workspace/8-2-build-macosx-x86_64/jdk8u101/7261/hotspot/src/share/vm/prims/jvm.cpp, line 1386]
Event: 0.164 Thread 0x00007f9e59002800 Exception <a 'java/lang/NoSuchFieldError': method resolution failed> (0x00000007957d0a48) thrown at [/HUDSON3/workspace/8-2-build-macosx-x86_64/jdk8u101/7261/hotspot/src/share/vm/prims/methodHandles.cpp, line 1146]
Event: 0.166 Thread 0x00007f9e59002800 Exception <a 'java/lang/NoSuchFieldError': method resolution failed> (0x00000007957dde18) thrown at [/HUDSON3/workspace/8-2-build-macosx-x86_64/jdk8u101/7261/hotspot/src/share/vm/prims/methodHandles.cpp, line 1146]
Event: 0.235 Thread 0x00007f9e59002800 Exception <a 'java/security/PrivilegedActionException'> (0x00000007959615d0) thrown at [/HUDSON3/workspace/8-2-build-macosx-x86_64/jdk8u101/7261/hotspot/src/share/vm/prims/jvm.cpp, line 1386]
Event: 0.235 Thread 0x00007f9e59002800 Exception <a 'java/security/PrivilegedActionException'> (0x00000007959619c8) thrown at [/HUDSON3/workspace/8-2-build-macosx-x86_64/jdk8u101/7261/hotspot/src/share/vm/prims/jvm.cpp, line 1386]
Event: 0.235 Thread 0x00007f9e59002800 Exception <a 'java/security/PrivilegedActionException'> (0x00000007959650a0) thrown at [/HUDSON3/workspace/8-2-build-macosx-x86_64/jdk8u101/7261/hotspot/src/share/vm/prims/jvm.cpp, line 1386]
Event: 0.235 Thread 0x00007f9e59002800 Exception <a 'java/security/PrivilegedActionException'> (0x0000000795965498) thrown at [/HUDSON3/workspace/8-2-build-macosx-x86_64/jdk8u101/7261/hotspot/src/share/vm/prims/jvm.cpp, line 1386]

Events (10 events):
Event: 0.247 loading class java/util/concurrent/locks/ReentrantReadWriteLock$WriteLock
Event: 0.247 loading class java/util/concurrent/locks/ReentrantReadWriteLock$WriteLock done
Event: 0.248 loading class gnu/trove/TObjectIntProcedure
Event: 0.249 loading class gnu/trove/TObjectIntProcedure done
Event: 0.249 loading class java/lang/StrictMath
Event: 0.249 loading class java/lang/StrictMath done
Event: 0.249 loading class gnu/trove/PrimeFinder
Event: 0.249 loading class gnu/trove/PrimeFinder done
Event: 0.250 loading class java/util/DualPivotQuicksort
Event: 0.250 loading class java/util/DualPivotQuicksort done


Dynamic libraries:
0x000000003b71e000 	/System/Library/Frameworks/Cocoa.framework/Versions/A/Cocoa
0x000000003b71e000 	/System/Library/Frameworks/Security.framework/Versions/A/Security
0x000000003b71e000 	/System/Library/Frameworks/ApplicationServices.framework/Versions/A/ApplicationServices
0x000000003b71e000 	/usr/lib/libz.1.dylib
0x000000003b71e000 	/usr/lib/libSystem.B.dylib
0x000000003b71e000 	/usr/lib/libobjc.A.dylib
0x000000003b71e000 	/System/Library/Frameworks/CoreFoundation.framework/Versions/A/CoreFoundation
0x000000003b71e000 	/System/Library/Frameworks/Foundation.framework/Versions/C/Foundation
0x000000003b71e000 	/System/Library/Frameworks/AppKit.framework/Versions/C/AppKit
0x000000003b71e000 	/System/Library/Frameworks/CoreData.framework/Versions/A/CoreData
0x000000003b71e000 	/System/Library/PrivateFrameworks/RemoteViewServices.framework/Versions/A/RemoteViewServices
0x000000003b71e000 	/System/Library/PrivateFrameworks/UIFoundation.framework/Versions/A/UIFoundation
0x000000003b71e000 	/System/Library/PrivateFrameworks/DFRFoundation.framework/Versions/A/DFRFoundation
0x000000003b71e000 	/usr/lib/libenergytrace.dylib
0x000000003b71e000 	/System/Library/PrivateFrameworks/SkyLight.framework/Versions/A/SkyLight
0x000000003b71e000 	/System/Library/Frameworks/CoreGraphics.framework/Versions/A/CoreGraphics
0x000000003b71e000 	/usr/lib/libScreenReader.dylib
0x000000003b71e000 	/System/Library/Frameworks/Accelerate.framework/Versions/A/Accelerate
0x000000003b71e000 	/System/Library/Frameworks/IOSurface.framework/Versions/A/IOSurface
0x000000003b71e000 	/System/Library/Frameworks/AudioToolbox.framework/Versions/A/AudioToolbox
0x000000003b71e000 	/System/Library/Frameworks/AudioUnit.framework/Versions/A/AudioUnit
0x000000003b71e000 	/System/Library/PrivateFrameworks/DataDetectorsCore.framework/Versions/A/DataDetectorsCore
0x000000003b71e000 	/System/Library/PrivateFrameworks/DesktopServicesPriv.framework/Versions/A/DesktopServicesPriv
0x000000003b71e000 	/System/Library/Frameworks/Carbon.framework/Versions/A/Frameworks/HIToolbox.framework/Versions/A/HIToolbox
0x000000003b71e000 	/usr/lib/libicucore.A.dylib
0x000000003b71e000 	/System/Library/Frameworks/QuartzCore.framework/Versions/A/QuartzCore
0x000000003b71e000 	/System/Library/Frameworks/Carbon.framework/Versions/A/Frameworks/SpeechRecognition.framework/Versions/A/SpeechRecognition
0x000000003b71e000 	/usr/lib/libauto.dylib
0x000000003b71e000 	/usr/lib/libxml2.2.dylib
0x000000003b71e000 	/System/Library/PrivateFrameworks/CoreUI.framework/Versions/A/CoreUI
0x000000003b71e000 	/System/Library/Frameworks/CoreAudio.framework/Versions/A/CoreAudio
0x000000003b71e000 	/System/Library/Frameworks/DiskArbitration.framework/Versions/A/DiskArbitration
0x000000003b71e000 	/usr/lib/liblangid.dylib
0x000000003b71e000 	/System/Library/PrivateFrameworks/MultitouchSupport.framework/Versions/A/MultitouchSupport
0x000000003b71e000 	/System/Library/Frameworks/IOKit.framework/Versions/A/IOKit
0x000000003b71e000 	/usr/lib/libDiagnosticMessagesClient.dylib
0x000000003b71e000 	/System/Library/Frameworks/CoreServices.framework/Versions/A/CoreServices
0x000000003b71e000 	/System/Library/PrivateFrameworks/PerformanceAnalysis.framework/Versions/A/PerformanceAnalysis
0x000000003b71e000 	/System/Library/PrivateFrameworks/GenerationalStorage.framework/Versions/A/GenerationalStorage
0x000000003b71e000 	/System/Library/Frameworks/OpenGL.framework/Versions/A/OpenGL
0x000000003b71e000 	/System/Library/Frameworks/CoreImage.framework/Versions/A/CoreImage
0x000000003b71e000 	/System/Library/Frameworks/CoreText.framework/Versions/A/CoreText
0x000000003b71e000 	/System/Library/Frameworks/ImageIO.framework/Versions/A/ImageIO
0x000000003b71e000 	/System/Library/PrivateFrameworks/Backup.framework/Versions/A/Backup
0x000000003b71e000 	/usr/lib/libarchive.2.dylib
0x000000003b71e000 	/System/Library/Frameworks/CFNetwork.framework/Versions/A/CFNetwork
0x000000003b71e000 	/System/Library/Frameworks/SystemConfiguration.framework/Versions/A/SystemConfiguration
0x000000003b71e000 	/usr/lib/libCRFSuite.dylib
0x000000003b71e000 	/usr/lib/libc++.1.dylib
0x000000003b71e000 	/usr/lib/libc++abi.dylib
0x000000003b71e000 	/usr/lib/system/libcache.dylib
0x000000003b71e000 	/usr/lib/system/libcommonCrypto.dylib
0x000000003b71e000 	/usr/lib/system/libcompiler_rt.dylib
0x000000003b71e000 	/usr/lib/system/libcopyfile.dylib
0x000000003b71e000 	/usr/lib/system/libcorecrypto.dylib
0x000000003b71e000 	/usr/lib/system/libdispatch.dylib
0x000000003b71e000 	/usr/lib/system/libdyld.dylib
0x000000003b71e000 	/usr/lib/system/libkeymgr.dylib
0x000000003b71e000 	/usr/lib/system/liblaunch.dylib
0x000000003b71e000 	/usr/lib/system/libmacho.dylib
0x000000003b71e000 	/usr/lib/system/libquarantine.dylib
0x000000003b71e000 	/usr/lib/system/libremovefile.dylib
0x000000003b71e000 	/usr/lib/system/libsystem_asl.dylib
0x000000003b71e000 	/usr/lib/system/libsystem_blocks.dylib
0x000000003b71e000 	/usr/lib/system/libsystem_c.dylib
0x000000003b71e000 	/usr/lib/system/libsystem_configuration.dylib
0x000000003b71e000 	/usr/lib/system/libsystem_coreservices.dylib
0x000000003b71e000 	/usr/lib/system/libsystem_coretls.dylib
0x000000003b71e000 	/usr/lib/system/libsystem_dnssd.dylib
0x000000003b71e000 	/usr/lib/system/libsystem_info.dylib
0x000000003b71e000 	/usr/lib/system/libsystem_kernel.dylib
0x000000003b71e000 	/usr/lib/system/libsystem_m.dylib
0x000000003b71e000 	/usr/lib/system/libsystem_malloc.dylib
0x000000003b71e000 	/usr/lib/system/libsystem_network.dylib
0x000000003b71e000 	/usr/lib/system/libsystem_networkextension.dylib
0x000000003b71e000 	/usr/lib/system/libsystem_notify.dylib
0x000000003b71e000 	/usr/lib/system/libsystem_platform.dylib
0x000000003b71e000 	/usr/lib/system/libsystem_pthread.dylib
0x000000003b71e000 	/usr/lib/system/libsystem_sandbox.dylib
0x000000003b71e000 	/usr/lib/system/libsystem_secinit.dylib
0x000000003b71e000 	/usr/lib/system/libsystem_symptoms.dylib
0x000000003b71e000 	/usr/lib/system/libsystem_trace.dylib
0x000000003b71e000 	/usr/lib/system/libunwind.dylib
0x000000003b71e000 	/usr/lib/system/libxpc.dylib
0x000000003b71e000 	/usr/lib/libbsm.0.dylib
0x000000003b71e000 	/usr/lib/system/libkxld.dylib
0x000000003b71e000 	/usr/lib/libcoretls.dylib
0x000000003b71e000 	/usr/lib/libcoretls_cfhelpers.dylib
0x000000003b71e000 	/usr/lib/libOpenScriptingUtil.dylib
0x000000003b71e000 	/usr/lib/libpam.2.dylib
0x000000003b71e000 	/usr/lib/libsqlite3.dylib
0x000000003b71e000 	/usr/lib/libxar.1.dylib
0x000000003b71e000 	/usr/lib/libbz2.1.0.dylib
0x000000003b71e000 	/usr/lib/liblzma.5.dylib
0x000000003b71e000 	/usr/lib/libnetwork.dylib
0x000000003b71e000 	/usr/lib/libpcap.A.dylib
0x000000003b71e000 	/System/Library/Frameworks/CoreServices.framework/Versions/A/Frameworks/FSEvents.framework/Versions/A/FSEvents
0x000000003b71e000 	/System/Library/Frameworks/CoreServices.framework/Versions/A/Frameworks/CarbonCore.framework/Versions/A/CarbonCore
0x000000003b71e000 	/System/Library/Frameworks/CoreServices.framework/Versions/A/Frameworks/Metadata.framework/Versions/A/Metadata
0x000000003b71e000 	/System/Library/Frameworks/CoreServices.framework/Versions/A/Frameworks/OSServices.framework/Versions/A/OSServices
0x000000003b71e000 	/System/Library/Frameworks/CoreServices.framework/Versions/A/Frameworks/SearchKit.framework/Versions/A/SearchKit
0x000000003b71e000 	/System/Library/Frameworks/CoreServices.framework/Versions/A/Frameworks/AE.framework/Versions/A/AE
0x000000003b71e000 	/System/Library/Frameworks/CoreServices.framework/Versions/A/Frameworks/LaunchServices.framework/Versions/A/LaunchServices
0x000000003b71e000 	/System/Library/Frameworks/CoreServices.framework/Versions/A/Frameworks/DictionaryServices.framework/Versions/A/DictionaryServices
0x000000003b71e000 	/System/Library/Frameworks/CoreServices.framework/Versions/A/Frameworks/SharedFileList.framework/Versions/A/SharedFileList
0x000000003b71e000 	/System/Library/Frameworks/NetFS.framework/Versions/A/NetFS
0x000000003b71e000 	/System/Library/PrivateFrameworks/NetAuth.framework/Versions/A/NetAuth
0x000000003b71e000 	/System/Library/PrivateFrameworks/login.framework/Versions/A/Frameworks/loginsupport.framework/Versions/A/loginsupport
0x000000003b71e000 	/System/Library/PrivateFrameworks/TCC.framework/Versions/A/TCC
0x000000003b71e000 	/usr/lib/libmecabra.dylib
0x000000003b71e000 	/System/Library/Frameworks/ApplicationServices.framework/Versions/A/Frameworks/ATS.framework/Versions/A/ATS
0x000000003b71e000 	/System/Library/Frameworks/ApplicationServices.framework/Versions/A/Frameworks/ColorSync.framework/Versions/A/ColorSync
0x000000003b71e000 	/System/Library/Frameworks/ApplicationServices.framework/Versions/A/Frameworks/HIServices.framework/Versions/A/HIServices
0x000000003b71e000 	/System/Library/Frameworks/ApplicationServices.framework/Versions/A/Frameworks/LangAnalysis.framework/Versions/A/LangAnalysis
0x000000003b71e000 	/System/Library/Frameworks/ApplicationServices.framework/Versions/A/Frameworks/PrintCore.framework/Versions/A/PrintCore
0x000000003b71e000 	/System/Library/Frameworks/ApplicationServices.framework/Versions/A/Frameworks/QD.framework/Versions/A/QD
0x000000003b71e000 	/System/Library/Frameworks/ApplicationServices.framework/Versions/A/Frameworks/SpeechSynthesis.framework/Versions/A/SpeechSynthesis
0x000000003b71e000 	/System/Library/Frameworks/Accelerate.framework/Versions/A/Frameworks/vImage.framework/Versions/A/vImage
0x000000003b71e000 	/System/Library/Frameworks/Accelerate.framework/Versions/A/Frameworks/vecLib.framework/Versions/A/vecLib
0x000000003b71e000 	/System/Library/Frameworks/Accelerate.framework/Versions/A/Frameworks/vecLib.framework/Versions/A/libvDSP.dylib
0x000000003b71e000 	/System/Library/Frameworks/Accelerate.framework/Versions/A/Frameworks/vecLib.framework/Versions/A/libBNNS.dylib
0x000000003b71e000 	/System/Library/Frameworks/Accelerate.framework/Versions/A/Frameworks/vecLib.framework/Versions/A/libQuadrature.dylib
0x000000003b71e000 	/System/Library/Frameworks/Accelerate.framework/Versions/A/Frameworks/vecLib.framework/Versions/A/libvMisc.dylib
0x000000003b71e000 	/System/Library/Frameworks/Accelerate.framework/Versions/A/Frameworks/vecLib.framework/Versions/A/libLAPACK.dylib
0x000000003b71e000 	/System/Library/Frameworks/Accelerate.framework/Versions/A/Frameworks/vecLib.framework/Versions/A/libBLAS.dylib
0x000000003b71e000 	/System/Library/Frameworks/Accelerate.framework/Versions/A/Frameworks/vecLib.framework/Versions/A/libLinearAlgebra.dylib
0x000000003b71e000 	/System/Library/Frameworks/Accelerate.framework/Versions/A/Frameworks/vecLib.framework/Versions/A/libSparseBLAS.dylib
0x000000003b71e000 	/System/Library/Frameworks/ApplicationServices.framework/Versions/A/Frameworks/ATS.framework/Versions/A/Resources/libFontParser.dylib
0x000000003b71e000 	/System/Library/Frameworks/ApplicationServices.framework/Versions/A/Frameworks/ATS.framework/Versions/A/Resources/libFontRegistry.dylib
0x000000003b71e000 	/System/Library/Frameworks/ImageIO.framework/Versions/A/Resources/libJPEG.dylib
0x000000003b71e000 	/System/Library/Frameworks/ImageIO.framework/Versions/A/Resources/libTIFF.dylib
0x000000003b71e000 	/System/Library/Frameworks/ImageIO.framework/Versions/A/Resources/libPng.dylib
0x000000003b71e000 	/System/Library/Frameworks/ImageIO.framework/Versions/A/Resources/libGIF.dylib
0x000000003b71e000 	/System/Library/Frameworks/ImageIO.framework/Versions/A/Resources/libJP2.dylib
0x000000003b71e000 	/System/Library/Frameworks/ImageIO.framework/Versions/A/Resources/libRadiance.dylib
0x000000003b71e000 	/usr/lib/libcompression.dylib
0x000000003b71e000 	/System/Library/PrivateFrameworks/AppleJPEG.framework/Versions/A/AppleJPEG
0x000000003b71e000 	/usr/lib/libcups.2.dylib
0x000000003b71e000 	/System/Library/Frameworks/Kerberos.framework/Versions/A/Kerberos
0x000000003b71e000 	/System/Library/Frameworks/GSS.framework/Versions/A/GSS
0x000000003b71e000 	/usr/lib/libresolv.9.dylib
0x000000003b71e000 	/usr/lib/libiconv.2.dylib
0x000000003b71e000 	/System/Library/PrivateFrameworks/Heimdal.framework/Versions/A/Heimdal
0x000000003b71e000 	/usr/lib/libheimdal-asn1.dylib
0x000000003b71e000 	/System/Library/Frameworks/OpenDirectory.framework/Versions/A/OpenDirectory
0x000000003b71e000 	/System/Library/PrivateFrameworks/CommonAuth.framework/Versions/A/CommonAuth
0x000000003b71e000 	/System/Library/Frameworks/OpenDirectory.framework/Versions/A/Frameworks/CFOpenDirectory.framework/Versions/A/CFOpenDirectory
0x000000003b71e000 	/System/Library/Frameworks/SecurityFoundation.framework/Versions/A/SecurityFoundation
0x000000003b71e000 	/System/Library/PrivateFrameworks/LanguageModeling.framework/Versions/A/LanguageModeling
0x000000003b71e000 	/usr/lib/libmarisa.dylib
0x000000003b71e000 	/usr/lib/libChineseTokenizer.dylib
0x000000003b71e000 	/usr/lib/libcmph.dylib
0x000000003b71e000 	/System/Library/PrivateFrameworks/CoreEmoji.framework/Versions/A/CoreEmoji
0x000000003b71e000 	/System/Library/Frameworks/ServiceManagement.framework/Versions/A/ServiceManagement
0x000000003b71e000 	/usr/lib/libxslt.1.dylib
0x000000003b71e000 	/System/Library/Frameworks/Carbon.framework/Versions/A/Frameworks/Ink.framework/Versions/A/Ink
0x000000003b71e000 	/System/Library/PrivateFrameworks/TextureIO.framework/Versions/A/TextureIO
0x000000003b71e000 	/System/Library/Frameworks/Metal.framework/Versions/A/Metal
0x000000003b71e000 	/usr/lib/libate.dylib
0x000000003b71e000 	/System/Library/PrivateFrameworks/GPUCompiler.framework/libmetal_timestamp.dylib
0x000000003b71e000 	/System/Library/Frameworks/OpenGL.framework/Versions/A/Libraries/libCoreFSCache.dylib
0x000000003b71e000 	/System/Library/PrivateFrameworks/IOAccelerator.framework/Versions/A/IOAccelerator
0x000000003b71e000 	/System/Library/Frameworks/CoreVideo.framework/Versions/A/CoreVideo
0x000000003b71e000 	/usr/lib/libFosl_dynamic.dylib
0x000000003b71e000 	/System/Library/PrivateFrameworks/MetalPerformanceShaders.framework/Versions/A/MetalPerformanceShaders
0x000000003b71e000 	/System/Library/PrivateFrameworks/FaceCore.framework/Versions/A/FaceCore
0x000000003b71e000 	/System/Library/Frameworks/OpenCL.framework/Versions/A/OpenCL
0x000000003b71e000 	/System/Library/Frameworks/OpenGL.framework/Versions/A/Libraries/libGLU.dylib
0x000000003b71e000 	/System/Library/Frameworks/OpenGL.framework/Versions/A/Libraries/libGFXShared.dylib
0x000000003b71e000 	/System/Library/Frameworks/OpenGL.framework/Versions/A/Libraries/libGL.dylib
0x000000003b71e000 	/System/Library/Frameworks/OpenGL.framework/Versions/A/Libraries/libGLImage.dylib
0x000000003b71e000 	/System/Library/Frameworks/OpenGL.framework/Versions/A/Libraries/libCVMSPluginSupport.dylib
0x000000003b71e000 	/System/Library/Frameworks/OpenGL.framework/Versions/A/Libraries/libCoreVMClient.dylib
0x000000003b71e000 	/System/Library/PrivateFrameworks/CrashReporterSupport.framework/Versions/A/CrashReporterSupport
0x000000003b71e000 	/System/Library/PrivateFrameworks/Sharing.framework/Versions/A/Sharing
0x000000003b71e000 	/System/Library/PrivateFrameworks/IconServices.framework/Versions/A/IconServices
0x000000003b71e000 	/System/Library/PrivateFrameworks/ProtocolBuffer.framework/Versions/A/ProtocolBuffer
0x000000003b71e000 	/System/Library/PrivateFrameworks/Apple80211.framework/Versions/A/Apple80211
0x000000003b71e000 	/System/Library/Frameworks/CoreWLAN.framework/Versions/A/CoreWLAN
0x000000003b71e000 	/System/Library/PrivateFrameworks/CoreUtils.framework/Versions/A/CoreUtils
0x000000003b71e000 	/System/Library/Frameworks/IOBluetooth.framework/Versions/A/IOBluetooth
0x000000003b71e000 	/System/Library/PrivateFrameworks/CoreWiFi.framework/Versions/A/CoreWiFi
0x000000003b71e000 	/System/Library/Frameworks/CoreBluetooth.framework/Versions/A/CoreBluetooth
0x000000003b71e000 	/System/Library/Frameworks/CoreDisplay.framework/Versions/A/CoreDisplay
0x000000003b71e000 	/System/Library/PrivateFrameworks/IOPresentment.framework/Versions/A/IOPresentment
0x000000003b71e000 	/System/Library/PrivateFrameworks/DSExternalDisplay.framework/Versions/A/DSExternalDisplay
0x000000003b71e000 	/System/Library/PrivateFrameworks/DebugSymbols.framework/Versions/A/DebugSymbols
0x000000003b71e000 	/System/Library/PrivateFrameworks/CoreSymbolication.framework/Versions/A/CoreSymbolication
0x000000003b71e000 	/System/Library/PrivateFrameworks/Symbolication.framework/Versions/A/Symbolication
0x000000003b71e000 	/System/Library/PrivateFrameworks/AppleFSCompression.framework/Versions/A/AppleFSCompression
0x000000003b71e000 	/System/Library/PrivateFrameworks/SpeechRecognitionCore.framework/Versions/A/SpeechRecognitionCore
0x000000003b71e000 	/System/Library/PrivateFrameworks/ChunkingLibrary.framework/Versions/A/ChunkingLibrary
0x0000000108e00000 	/Library/Java/JavaVirtualMachines/jdk1.8.0_101.jdk/Contents/Home/jre/lib/server/libjvm.dylib
0x000000003b71e000 	/usr/lib/libstdc++.6.dylib
0x000000010849b000 	/Library/Java/JavaVirtualMachines/jdk1.8.0_101.jdk/Contents/Home/jre/lib/libverify.dylib
0x00000001084a9000 	/Library/Java/JavaVirtualMachines/jdk1.8.0_101.jdk/Contents/Home/jre/lib/libjava.dylib
0x00000001084e8000 	/Library/Java/JavaVirtualMachines/jdk1.8.0_101.jdk/Contents/Home/jre/lib/libzip.dylib
0x00000001105df000 	/System/Library/Frameworks/JavaVM.framework/Frameworks/JavaRuntimeSupport.framework/JavaRuntimeSupport
0x00000001085ea000 	/System/Library/Frameworks/JavaVM.framework/Versions/A/Frameworks/JavaNativeFoundation.framework/Versions/A/JavaNativeFoundation
0x00000001105f9000 	/System/Library/Frameworks/JavaVM.framework/Versions/A/JavaVM
0x000000003b71e000 	/System/Library/Frameworks/Carbon.framework/Versions/A/Carbon
0x0000000110606000 	/System/Library/PrivateFrameworks/JavaLaunching.framework/Versions/A/JavaLaunching
0x000000003b71e000 	/System/Library/Frameworks/Carbon.framework/Versions/A/Frameworks/CommonPanels.framework/Versions/A/CommonPanels
0x000000003b71e000 	/System/Library/Frameworks/Carbon.framework/Versions/A/Frameworks/Help.framework/Versions/A/Help
0x000000003b71e000 	/System/Library/Frameworks/Carbon.framework/Versions/A/Frameworks/ImageCapture.framework/Versions/A/ImageCapture
0x000000003b71e000 	/System/Library/Frameworks/Carbon.framework/Versions/A/Frameworks/OpenScripting.framework/Versions/A/OpenScripting
0x000000003b71e000 	/System/Library/Frameworks/Carbon.framework/Versions/A/Frameworks/Print.framework/Versions/A/Print
0x000000003b71e000 	/System/Library/Frameworks/Carbon.framework/Versions/A/Frameworks/SecurityHI.framework/Versions/A/SecurityHI

VM Arguments:
java_command: ./ML/Java/sentiment_executor-1.0-SNAPSHOT-jar-with-dependencies.jar ./ML/Java/naivebayes.bin winzone store knee # brace support winzone # arthritis , acl , # meniscus , # running , # basketball -
java_class_path (initial): ./ML/Java/sentiment_executor-1.0-SNAPSHOT-jar-with-dependencies.jar
Launcher Type: SUN_STANDARD

Environment Variables:
JAVA_HOME=/Library/Java/JavaVirtualMachines/jdk1.8.0_101.jdk/Contents/Home
PATH=/Users/alexanderweiss/CloudStation/FSS 2017/Team Project/Topic Monitoring in the Pharmaceutical Industry/AbbVie2017/1. FINAL/sentitomo/server/node_modules/.bin:/Users/alexanderweiss/.config/yarn/link/node_modules/.bin:/Users/alexanderweiss/CloudStation/FSS 2017/Team Project/Topic Monitoring in the Pharmaceutical Industry/AbbVie2017/1. FINAL/sentitomo/server/node_modules/.bin:/Users/alexanderweiss/.config/yarn/link/node_modules/.bin:/usr/local/bin:/usr/local/lib/node_modules/npm/bin/node-gyp-bin:/usr/local/bin/node_modules/npm/bin/node-gyp-bin:/Library/Frameworks/Python.framework/Versions/3.6/bin:/usr/local/bin:/usr/bin:/bin:/usr/sbin:/sbin:/usr/local/MacGPG2/bin:/Library/TeX/texbin:/Library/Frameworks/Python.framework/Versions/3.6/bin
SHELL=/bin/bash

Signal Handlers:
SIGSEGV: [libjvm.dylib+0x5af145], sa_mask[0]=11111111011111110111111111111111, sa_flags=SA_ONSTACK|SA_RESTART|SA_SIGINFO
SIGBUS: [libjvm.dylib+0x5af145], sa_mask[0]=11111111011111110111111111111111, sa_flags=SA_RESTART|SA_SIGINFO
SIGFPE: [libjvm.dylib+0x48694c], sa_mask[0]=11111111011111110111111111111111, sa_flags=SA_RESTART|SA_SIGINFO
SIGPIPE: [libjvm.dylib+0x48694c], sa_mask[0]=11111111011111110111111111111111, sa_flags=SA_RESTART|SA_SIGINFO
SIGXFSZ: [libjvm.dylib+0x48694c], sa_mask[0]=11111111011111110111111111111111, sa_flags=SA_RESTART|SA_SIGINFO
SIGILL: [libjvm.dylib+0x48694c], sa_mask[0]=11111111011111110111111111111111, sa_flags=SA_RESTART|SA_SIGINFO
SIGUSR1: SIG_DFL, sa_mask[0]=11111111011111110111111111111111, sa_flags=none
SIGUSR2: [libjvm.dylib+0x48646a], sa_mask[0]=00000000000000000000000000000000, sa_flags=SA_RESTART|SA_SIGINFO
SIGHUP: [libjvm.dylib+0x484a41], sa_mask[0]=11111111011111110111111111111111, sa_flags=SA_RESTART|SA_SIGINFO
SIGINT: [libjvm.dylib+0x484a41], sa_mask[0]=11111111011111110111111111111111, sa_flags=SA_RESTART|SA_SIGINFO
SIGTERM: [libjvm.dylib+0x484a41], sa_mask[0]=11111111011111110111111111111111, sa_flags=SA_RESTART|SA_SIGINFO
SIGQUIT: [libjvm.dylib+0x484a41], sa_mask[0]=11111111011111110111111111111111, sa_flags=SA_RESTART|SA_SIGINFO


---------------  S Y S T E M  ---------------

OS:Bsduname:Darwin 16.5.0 Darwin Kernel Version 16.5.0: Fri Mar  3 16:52:33 PST 2017; root:xnu-3789.51.2~3/RELEASE_X86_64 x86_64
rlimit: STACK 8192k, CORE 0k, NPROC 709, NOFILE 10240, AS infinity
load average:2.36 2.38 2.20

CPU:total 4 (2 cores per cpu, 2 threads per core) family 6 model 69 stepping 1, cmov, cx8, fxsr, mmx, sse, sse2, sse3, ssse3, sse4.1, sse4.2, popcnt, avx, avx2, aes, clmul, erms, lzcnt, ht, tsc, tscinvbit, bmi1, bmi2

Memory: 4k page, physical 8388608k(463204k free)

/proc/meminfo:


vm_info: Java HotSpot(TM) 64-Bit Server VM (25.101-b13) for bsd-amd64 JRE (1.8.0_101-b13), built on Jun 22 2016 02:42:15 by "java_re" with gcc 4.2.1 (Based on Apple Inc. build 5658) (LLVM build 2336.11.00)

time: Mon Jul 10 19:05:43 2017
elapsed time: 0 seconds (0d 0h 0m 0s)

